1571200328032	mozrunner::runner	INFO	Running command: "/Applications/Firefox.app/Contents/MacOS/firefox-bin" "-marionette" "-foreground" "-no-remote" "-profile" "/var/folders/3l/t520rxtx7r1f7fvc3bbcfny80000gn/T/rust_mozprofilePK8yfh"
1571200329197	addons.webextension.screenshots@mozilla.org	WARN	Loading extension 'screenshots@mozilla.org': Reading manifest: Invalid extension permission: mozillaAddons
1571200329197	addons.webextension.screenshots@mozilla.org	WARN	Loading extension 'screenshots@mozilla.org': Reading manifest: Invalid extension permission: telemetry
1571200329198	addons.webextension.screenshots@mozilla.org	WARN	Loading extension 'screenshots@mozilla.org': Reading manifest: Invalid extension permission: resource://pdf.js/
1571200329198	addons.webextension.screenshots@mozilla.org	WARN	Loading extension 'screenshots@mozilla.org': Reading manifest: Invalid extension permission: about:reader*
1571200332116	Marionette	INFO	Listening on port 56980
1571200332182	Marionette	WARN	TLS certificate errors will be ignored for this session
1571200333547	Marionette	INFO	Stopped listening on port 56980
1571200349807	mozrunner::runner	INFO	Running command: "/Applications/Firefox.app/Contents/MacOS/firefox-bin" "-marionette" "-foreground" "-no-remote" "-profile" "/var/folders/3l/t520rxtx7r1f7fvc3bbcfny80000gn/T/rust_mozprofileerMfty"
1571200350721	addons.webextension.screenshots@mozilla.org	WARN	Loading extension 'screenshots@mozilla.org': Reading manifest: Invalid extension permission: mozillaAddons
1571200350721	addons.webextension.screenshots@mozilla.org	WARN	Loading extension 'screenshots@mozilla.org': Reading manifest: Invalid extension permission: telemetry
1571200350721	addons.webextension.screenshots@mozilla.org	WARN	Loading extension 'screenshots@mozilla.org': Reading manifest: Invalid extension permission: resource://pdf.js/
1571200350722	addons.webextension.screenshots@mozilla.org	WARN	Loading extension 'screenshots@mozilla.org': Reading manifest: Invalid extension permission: about:reader*
1571200353358	Marionette	INFO	Listening on port 57059
1571200353420	Marionette	WARN	TLS certificate errors will be ignored for this session
1571200526097	mozrunner::runner	INFO	Running command: "/Applications/Firefox.app/Contents/MacOS/firefox-bin" "-marionette" "-foreground" "-no-remote" "-profile" "/var/folders/3l/t520rxtx7r1f7fvc3bbcfny80000gn/T/rust_mozprofileY163Qw"
1571200530769	addons.webextension.screenshots@mozilla.org	WARN	Loading extension 'screenshots@mozilla.org': Reading manifest: Invalid extension permission: mozillaAddons
1571200530769	addons.webextension.screenshots@mozilla.org	WARN	Loading extension 'screenshots@mozilla.org': Reading manifest: Invalid extension permission: telemetry
1571200530770	addons.webextension.screenshots@mozilla.org	WARN	Loading extension 'screenshots@mozilla.org': Reading manifest: Invalid extension permission: resource://pdf.js/
1571200530770	addons.webextension.screenshots@mozilla.org	WARN	Loading extension 'screenshots@mozilla.org': Reading manifest: Invalid extension permission: about:reader*
1571200533584	Marionette	INFO	Listening on port 57393
1571200533620	Marionette	WARN	TLS certificate errors will be ignored for this session
1571200619509	mozrunner::runner	INFO	Running command: "/Applications/Firefox.app/Contents/MacOS/firefox-bin" "-marionette" "-foreground" "-no-remote" "-profile" "/var/folders/3l/t520rxtx7r1f7fvc3bbcfny80000gn/T/rust_mozprofilelhywg7"
1571200620660	addons.webextension.screenshots@mozilla.org	WARN	Loading extension 'screenshots@mozilla.org': Reading manifest: Invalid extension permission: mozillaAddons
1571200620660	addons.webextension.screenshots@mozilla.org	WARN	Loading extension 'screenshots@mozilla.org': Reading manifest: Invalid extension permission: telemetry
1571200620660	addons.webextension.screenshots@mozilla.org	WARN	Loading extension 'screenshots@mozilla.org': Reading manifest: Invalid extension permission: resource://pdf.js/
1571200620660	addons.webextension.screenshots@mozilla.org	WARN	Loading extension 'screenshots@mozilla.org': Reading manifest: Invalid extension permission: about:reader*
1571200623608	Marionette	INFO	Listening on port 57593
1571200623647	Marionette	WARN	TLS certificate errors will be ignored for this session
1571200676641	mozrunner::runner	INFO	Running command: "/Applications/Firefox.app/Contents/MacOS/firefox-bin" "-marionette" "-foreground" "-no-remote" "-profile" "/var/folders/3l/t520rxtx7r1f7fvc3bbcfny80000gn/T/rust_mozprofileFGGqun"
1571200677772	addons.webextension.screenshots@mozilla.org	WARN	Loading extension 'screenshots@mozilla.org': Reading manifest: Invalid extension permission: mozillaAddons
1571200677772	addons.webextension.screenshots@mozilla.org	WARN	Loading extension 'screenshots@mozilla.org': Reading manifest: Invalid extension permission: telemetry
1571200677772	addons.webextension.screenshots@mozilla.org	WARN	Loading extension 'screenshots@mozilla.org': Reading manifest: Invalid extension permission: resource://pdf.js/
1571200677773	addons.webextension.screenshots@mozilla.org	WARN	Loading extension 'screenshots@mozilla.org': Reading manifest: Invalid extension permission: about:reader*
1571200680707	Marionette	INFO	Listening on port 57756
1571200680774	Marionette	WARN	TLS certificate errors will be ignored for this session
1571200713526	Marionette	INFO	Stopped listening on port 57593
1571200714855	Marionette	INFO	Stopped listening on port 57756
1571200717678	Marionette	INFO	Stopped listening on port 57393
1571200926879	mozrunner::runner	INFO	Running command: "/Applications/Firefox.app/Contents/MacOS/firefox-bin" "-marionette" "-foreground" "-no-remote" "-profile" "/var/folders/3l/t520rxtx7r1f7fvc3bbcfny80000gn/T/rust_mozprofile5tVuVz"
1571200927973	addons.webextension.screenshots@mozilla.org	WARN	Loading extension 'screenshots@mozilla.org': Reading manifest: Invalid extension permission: mozillaAddons
1571200927973	addons.webextension.screenshots@mozilla.org	WARN	Loading extension 'screenshots@mozilla.org': Reading manifest: Invalid extension permission: telemetry
1571200927974	addons.webextension.screenshots@mozilla.org	WARN	Loading extension 'screenshots@mozilla.org': Reading manifest: Invalid extension permission: resource://pdf.js/
1571200927974	addons.webextension.screenshots@mozilla.org	WARN	Loading extension 'screenshots@mozilla.org': Reading manifest: Invalid extension permission: about:reader*
1571200930687	Marionette	INFO	Listening on port 58015
1571200930717	Marionette	WARN	TLS certificate errors will be ignored for this session
1571201008894	mozrunner::runner	INFO	Running command: "/Applications/Firefox.app/Contents/MacOS/firefox-bin" "-marionette" "-foreground" "-no-remote" "-profile" "/var/folders/3l/t520rxtx7r1f7fvc3bbcfny80000gn/T/rust_mozprofile8CKakC"
1571201010171	addons.webextension.screenshots@mozilla.org	WARN	Loading extension 'screenshots@mozilla.org': Reading manifest: Invalid extension permission: mozillaAddons
1571201010172	addons.webextension.screenshots@mozilla.org	WARN	Loading extension 'screenshots@mozilla.org': Reading manifest: Invalid extension permission: telemetry
1571201010172	addons.webextension.screenshots@mozilla.org	WARN	Loading extension 'screenshots@mozilla.org': Reading manifest: Invalid extension permission: resource://pdf.js/
1571201010172	addons.webextension.screenshots@mozilla.org	WARN	Loading extension 'screenshots@mozilla.org': Reading manifest: Invalid extension permission: about:reader*
1571201013103	Marionette	INFO	Listening on port 58182
1571201013145	Marionette	WARN	TLS certificate errors will be ignored for this session
1571201033237	mozrunner::runner	INFO	Running command: "/Applications/Firefox.app/Contents/MacOS/firefox-bin" "-marionette" "-foreground" "-no-remote" "-profile" "/var/folders/3l/t520rxtx7r1f7fvc3bbcfny80000gn/T/rust_mozprofileG1IJf6"
1571201034387	addons.webextension.screenshots@mozilla.org	WARN	Loading extension 'screenshots@mozilla.org': Reading manifest: Invalid extension permission: mozillaAddons
1571201034388	addons.webextension.screenshots@mozilla.org	WARN	Loading extension 'screenshots@mozilla.org': Reading manifest: Invalid extension permission: telemetry
1571201034388	addons.webextension.screenshots@mozilla.org	WARN	Loading extension 'screenshots@mozilla.org': Reading manifest: Invalid extension permission: resource://pdf.js/
1571201034388	addons.webextension.screenshots@mozilla.org	WARN	Loading extension 'screenshots@mozilla.org': Reading manifest: Invalid extension permission: about:reader*
1571201037188	Marionette	INFO	Listening on port 58343
1571201037255	Marionette	WARN	TLS certificate errors will be ignored for this session
1571201062591	Marionette	INFO	Stopped listening on port 58182
[Parent 1873, Gecko_IOThread] WARNING: pipe error: Broken pipe: file /builds/worker/workspace/build/src/ipc/chromium/src/chrome/common/ipc_channel_posix.cc, line 728
1571201063126	Marionette	INFO	Stopped listening on port 58343
1571201063179	Marionette	INFO	Stopped listening on port 58015
1571201074435	mozrunner::runner	INFO	Running command: "/Applications/Firefox.app/Contents/MacOS/firefox-bin" "-marionette" "-foreground" "-no-remote" "-profile" "/var/folders/3l/t520rxtx7r1f7fvc3bbcfny80000gn/T/rust_mozprofile7d9T2Y"
1571201075554	addons.webextension.screenshots@mozilla.org	WARN	Loading extension 'screenshots@mozilla.org': Reading manifest: Invalid extension permission: mozillaAddons
1571201075554	addons.webextension.screenshots@mozilla.org	WARN	Loading extension 'screenshots@mozilla.org': Reading manifest: Invalid extension permission: telemetry
1571201075555	addons.webextension.screenshots@mozilla.org	WARN	Loading extension 'screenshots@mozilla.org': Reading manifest: Invalid extension permission: resource://pdf.js/
1571201075555	addons.webextension.screenshots@mozilla.org	WARN	Loading extension 'screenshots@mozilla.org': Reading manifest: Invalid extension permission: about:reader*
1571201078355	Marionette	INFO	Listening on port 58498
1571201078438	Marionette	WARN	TLS certificate errors will be ignored for this session
1571201109133	Marionette	INFO	Stopped listening on port 57059
1571201177824	mozrunner::runner	INFO	Running command: "/Applications/Firefox.app/Contents/MacOS/firefox-bin" "-marionette" "-foreground" "-no-remote" "-profile" "/var/folders/3l/t520rxtx7r1f7fvc3bbcfny80000gn/T/rust_mozprofilejuGjpo"
1571201178654	addons.webextension.screenshots@mozilla.org	WARN	Loading extension 'screenshots@mozilla.org': Reading manifest: Invalid extension permission: mozillaAddons
1571201178655	addons.webextension.screenshots@mozilla.org	WARN	Loading extension 'screenshots@mozilla.org': Reading manifest: Invalid extension permission: telemetry
1571201178655	addons.webextension.screenshots@mozilla.org	WARN	Loading extension 'screenshots@mozilla.org': Reading manifest: Invalid extension permission: resource://pdf.js/
1571201178655	addons.webextension.screenshots@mozilla.org	WARN	Loading extension 'screenshots@mozilla.org': Reading manifest: Invalid extension permission: about:reader*
1571201181397	Marionette	INFO	Listening on port 58672
1571201181441	Marionette	WARN	TLS certificate errors will be ignored for this session
1571201198494	Marionette	INFO	Stopped listening on port 58672
1571201251465	mozrunner::runner	INFO	Running command: "/Applications/Firefox.app/Contents/MacOS/firefox-bin" "-marionette" "-foreground" "-no-remote" "-profile" "/var/folders/3l/t520rxtx7r1f7fvc3bbcfny80000gn/T/rust_mozprofileyLEeXE"
1571201252575	addons.webextension.screenshots@mozilla.org	WARN	Loading extension 'screenshots@mozilla.org': Reading manifest: Invalid extension permission: mozillaAddons
1571201252576	addons.webextension.screenshots@mozilla.org	WARN	Loading extension 'screenshots@mozilla.org': Reading manifest: Invalid extension permission: telemetry
1571201252576	addons.webextension.screenshots@mozilla.org	WARN	Loading extension 'screenshots@mozilla.org': Reading manifest: Invalid extension permission: resource://pdf.js/
1571201252576	addons.webextension.screenshots@mozilla.org	WARN	Loading extension 'screenshots@mozilla.org': Reading manifest: Invalid extension permission: about:reader*
1571201255131	Marionette	INFO	Listening on port 58825
1571201255192	Marionette	WARN	TLS certificate errors will be ignored for this session
1571201326663	mozrunner::runner	INFO	Running command: "/Applications/Firefox.app/Contents/MacOS/firefox-bin" "-marionette" "-foreground" "-no-remote" "-profile" "/var/folders/3l/t520rxtx7r1f7fvc3bbcfny80000gn/T/rust_mozprofile0Mfqfc"
1571201327851	addons.webextension.screenshots@mozilla.org	WARN	Loading extension 'screenshots@mozilla.org': Reading manifest: Invalid extension permission: mozillaAddons
1571201327851	addons.webextension.screenshots@mozilla.org	WARN	Loading extension 'screenshots@mozilla.org': Reading manifest: Invalid extension permission: telemetry
1571201327852	addons.webextension.screenshots@mozilla.org	WARN	Loading extension 'screenshots@mozilla.org': Reading manifest: Invalid extension permission: resource://pdf.js/
1571201327852	addons.webextension.screenshots@mozilla.org	WARN	Loading extension 'screenshots@mozilla.org': Reading manifest: Invalid extension permission: about:reader*
1571201330741	Marionette	INFO	Listening on port 58982
1571201330793	Marionette	WARN	TLS certificate errors will be ignored for this session
1571201369300	mozrunner::runner	INFO	Running command: "/Applications/Firefox.app/Contents/MacOS/firefox-bin" "-marionette" "-foreground" "-no-remote" "-profile" "/var/folders/3l/t520rxtx7r1f7fvc3bbcfny80000gn/T/rust_mozprofile3tRN44"
1571201370450	addons.webextension.screenshots@mozilla.org	WARN	Loading extension 'screenshots@mozilla.org': Reading manifest: Invalid extension permission: mozillaAddons
1571201370450	addons.webextension.screenshots@mozilla.org	WARN	Loading extension 'screenshots@mozilla.org': Reading manifest: Invalid extension permission: telemetry
1571201370451	addons.webextension.screenshots@mozilla.org	WARN	Loading extension 'screenshots@mozilla.org': Reading manifest: Invalid extension permission: resource://pdf.js/
1571201370451	addons.webextension.screenshots@mozilla.org	WARN	Loading extension 'screenshots@mozilla.org': Reading manifest: Invalid extension permission: about:reader*
1571201373448	Marionette	INFO	Listening on port 59144
1571201373540	Marionette	WARN	TLS certificate errors will be ignored for this session
1571201402975	Marionette	INFO	Stopped listening on port 58982
1571201403524	Marionette	INFO	Stopped listening on port 59144
1571201407955	Marionette	INFO	Stopped listening on port 58825
1571201569460	mozrunner::runner	INFO	Running command: "/Applications/Firefox.app/Contents/MacOS/firefox-bin" "-marionette" "-foreground" "-no-remote" "-profile" "/var/folders/3l/t520rxtx7r1f7fvc3bbcfny80000gn/T/rust_mozprofilebnRmTO"
1571201570516	addons.webextension.screenshots@mozilla.org	WARN	Loading extension 'screenshots@mozilla.org': Reading manifest: Invalid extension permission: mozillaAddons
1571201570516	addons.webextension.screenshots@mozilla.org	WARN	Loading extension 'screenshots@mozilla.org': Reading manifest: Invalid extension permission: telemetry
1571201570516	addons.webextension.screenshots@mozilla.org	WARN	Loading extension 'screenshots@mozilla.org': Reading manifest: Invalid extension permission: resource://pdf.js/
1571201570516	addons.webextension.screenshots@mozilla.org	WARN	Loading extension 'screenshots@mozilla.org': Reading manifest: Invalid extension permission: about:reader*
1571201573250	Marionette	INFO	Listening on port 59372
1571201573278	Marionette	WARN	TLS certificate errors will be ignored for this session
1571201643404	mozrunner::runner	INFO	Running command: "/Applications/Firefox.app/Contents/MacOS/firefox-bin" "-marionette" "-foreground" "-no-remote" "-profile" "/var/folders/3l/t520rxtx7r1f7fvc3bbcfny80000gn/T/rust_mozprofile7joloC"
1571201644498	addons.webextension.screenshots@mozilla.org	WARN	Loading extension 'screenshots@mozilla.org': Reading manifest: Invalid extension permission: mozillaAddons
1571201644498	addons.webextension.screenshots@mozilla.org	WARN	Loading extension 'screenshots@mozilla.org': Reading manifest: Invalid extension permission: telemetry
1571201644498	addons.webextension.screenshots@mozilla.org	WARN	Loading extension 'screenshots@mozilla.org': Reading manifest: Invalid extension permission: resource://pdf.js/
1571201644499	addons.webextension.screenshots@mozilla.org	WARN	Loading extension 'screenshots@mozilla.org': Reading manifest: Invalid extension permission: about:reader*
1571201647375	Marionette	INFO	Listening on port 59611
1571201647438	Marionette	WARN	TLS certificate errors will be ignored for this session
1571201669927	Marionette	INFO	Stopped listening on port 59372
1571201672666	Marionette	INFO	Stopped listening on port 59611
1571201748472	mozrunner::runner	INFO	Running command: "/Applications/Firefox.app/Contents/MacOS/firefox-bin" "-marionette" "-foreground" "-no-remote" "-profile" "/var/folders/3l/t520rxtx7r1f7fvc3bbcfny80000gn/T/rust_mozprofileJRur28"
1571201749620	addons.webextension.screenshots@mozilla.org	WARN	Loading extension 'screenshots@mozilla.org': Reading manifest: Invalid extension permission: mozillaAddons
1571201749621	addons.webextension.screenshots@mozilla.org	WARN	Loading extension 'screenshots@mozilla.org': Reading manifest: Invalid extension permission: telemetry
1571201749621	addons.webextension.screenshots@mozilla.org	WARN	Loading extension 'screenshots@mozilla.org': Reading manifest: Invalid extension permission: resource://pdf.js/
1571201749621	addons.webextension.screenshots@mozilla.org	WARN	Loading extension 'screenshots@mozilla.org': Reading manifest: Invalid extension permission: about:reader*
1571201752234	Marionette	INFO	Listening on port 59779
1571201752289	Marionette	WARN	TLS certificate errors will be ignored for this session
JavaScript error: https://pecom.ru/services-are/order-status/?code= line 1897 > scriptElement, line 6: ReferenceError: yaCounter78386 is not defined
1571201782863	Marionette	INFO	Stopped listening on port 59779
1571201845017	mozrunner::runner	INFO	Running command: "/Applications/Firefox.app/Contents/MacOS/firefox-bin" "-marionette" "-foreground" "-no-remote" "-profile" "/var/folders/3l/t520rxtx7r1f7fvc3bbcfny80000gn/T/rust_mozprofilehAGYLO"
1571201846263	addons.webextension.screenshots@mozilla.org	WARN	Loading extension 'screenshots@mozilla.org': Reading manifest: Invalid extension permission: mozillaAddons
1571201846263	addons.webextension.screenshots@mozilla.org	WARN	Loading extension 'screenshots@mozilla.org': Reading manifest: Invalid extension permission: telemetry
1571201846264	addons.webextension.screenshots@mozilla.org	WARN	Loading extension 'screenshots@mozilla.org': Reading manifest: Invalid extension permission: resource://pdf.js/
1571201846264	addons.webextension.screenshots@mozilla.org	WARN	Loading extension 'screenshots@mozilla.org': Reading manifest: Invalid extension permission: about:reader*
1571201849634	Marionette	INFO	Listening on port 59941
1571201849665	Marionette	WARN	TLS certificate errors will be ignored for this session
1571201871576	Marionette	INFO	Stopped listening on port 59941
1571201947728	Marionette	INFO	Stopped listening on port 58498
1571202012973	mozrunner::runner	INFO	Running command: "/Applications/Firefox.app/Contents/MacOS/firefox-bin" "-marionette" "-foreground" "-no-remote" "-profile" "/var/folders/3l/t520rxtx7r1f7fvc3bbcfny80000gn/T/rust_mozprofileoBb9fq"
1571202013796	addons.webextension.screenshots@mozilla.org	WARN	Loading extension 'screenshots@mozilla.org': Reading manifest: Invalid extension permission: mozillaAddons
1571202013796	addons.webextension.screenshots@mozilla.org	WARN	Loading extension 'screenshots@mozilla.org': Reading manifest: Invalid extension permission: telemetry
1571202013796	addons.webextension.screenshots@mozilla.org	WARN	Loading extension 'screenshots@mozilla.org': Reading manifest: Invalid extension permission: resource://pdf.js/
1571202013797	addons.webextension.screenshots@mozilla.org	WARN	Loading extension 'screenshots@mozilla.org': Reading manifest: Invalid extension permission: about:reader*
1571202016571	Marionette	INFO	Listening on port 60167
1571202016591	Marionette	WARN	TLS certificate errors will be ignored for this session
1571202055744	mozrunner::runner	INFO	Running command: "/Applications/Firefox.app/Contents/MacOS/firefox-bin" "-marionette" "-foreground" "-no-remote" "-profile" "/var/folders/3l/t520rxtx7r1f7fvc3bbcfny80000gn/T/rust_mozprofileYSZFWv"
1571202057452	addons.webextension.screenshots@mozilla.org	WARN	Loading extension 'screenshots@mozilla.org': Reading manifest: Invalid extension permission: mozillaAddons
1571202057452	addons.webextension.screenshots@mozilla.org	WARN	Loading extension 'screenshots@mozilla.org': Reading manifest: Invalid extension permission: telemetry
1571202057452	addons.webextension.screenshots@mozilla.org	WARN	Loading extension 'screenshots@mozilla.org': Reading manifest: Invalid extension permission: resource://pdf.js/
1571202057453	addons.webextension.screenshots@mozilla.org	WARN	Loading extension 'screenshots@mozilla.org': Reading manifest: Invalid extension permission: about:reader*
1571202061067	Marionette	INFO	Listening on port 60319
1571202080019	Marionette	INFO	Stopped listening on port 60319
1571202086487	mozrunner::runner	INFO	Running command: "/Applications/Firefox.app/Contents/MacOS/firefox-bin" "-marionette" "-foreground" "-no-remote" "-profile" "/var/folders/3l/t520rxtx7r1f7fvc3bbcfny80000gn/T/rust_mozprofileGLhLW7"
1571202088284	addons.webextension.screenshots@mozilla.org	WARN	Loading extension 'screenshots@mozilla.org': Reading manifest: Invalid extension permission: mozillaAddons
1571202088285	addons.webextension.screenshots@mozilla.org	WARN	Loading extension 'screenshots@mozilla.org': Reading manifest: Invalid extension permission: telemetry
1571202088286	addons.webextension.screenshots@mozilla.org	WARN	Loading extension 'screenshots@mozilla.org': Reading manifest: Invalid extension permission: resource://pdf.js/
1571202088286	addons.webextension.screenshots@mozilla.org	WARN	Loading extension 'screenshots@mozilla.org': Reading manifest: Invalid extension permission: about:reader*
1571202093982	Marionette	INFO	Listening on port 60361
1571202094035	Marionette	WARN	TLS certificate errors will be ignored for this session
1571202121210	Marionette	INFO	Stopped listening on port 60361
1571202200344	mozrunner::runner	INFO	Running command: "/Applications/Firefox.app/Contents/MacOS/firefox-bin" "-marionette" "-foreground" "-no-remote" "-profile" "/var/folders/3l/t520rxtx7r1f7fvc3bbcfny80000gn/T/rust_mozprofileQBJWp9"
1571202201515	addons.webextension.screenshots@mozilla.org	WARN	Loading extension 'screenshots@mozilla.org': Reading manifest: Invalid extension permission: mozillaAddons
1571202201516	addons.webextension.screenshots@mozilla.org	WARN	Loading extension 'screenshots@mozilla.org': Reading manifest: Invalid extension permission: telemetry
1571202201516	addons.webextension.screenshots@mozilla.org	WARN	Loading extension 'screenshots@mozilla.org': Reading manifest: Invalid extension permission: resource://pdf.js/
1571202201516	addons.webextension.screenshots@mozilla.org	WARN	Loading extension 'screenshots@mozilla.org': Reading manifest: Invalid extension permission: about:reader*
1571202204238	Marionette	INFO	Listening on port 60547
1571202204312	Marionette	WARN	TLS certificate errors will be ignored for this session
1571202222182	mozrunner::runner	INFO	Running command: "/Applications/Firefox.app/Contents/MacOS/firefox-bin" "-marionette" "-foreground" "-no-remote" "-profile" "/var/folders/3l/t520rxtx7r1f7fvc3bbcfny80000gn/T/rust_mozprofilenktRJH"
1571202223492	addons.webextension.screenshots@mozilla.org	WARN	Loading extension 'screenshots@mozilla.org': Reading manifest: Invalid extension permission: mozillaAddons
1571202223493	addons.webextension.screenshots@mozilla.org	WARN	Loading extension 'screenshots@mozilla.org': Reading manifest: Invalid extension permission: telemetry
1571202223493	addons.webextension.screenshots@mozilla.org	WARN	Loading extension 'screenshots@mozilla.org': Reading manifest: Invalid extension permission: resource://pdf.js/
1571202223493	addons.webextension.screenshots@mozilla.org	WARN	Loading extension 'screenshots@mozilla.org': Reading manifest: Invalid extension permission: about:reader*
1571202226316	Marionette	INFO	Listening on port 60688
1571202226337	Marionette	WARN	TLS certificate errors will be ignored for this session
1571202315337	mozrunner::runner	INFO	Running command: "/Applications/Firefox.app/Contents/MacOS/firefox-bin" "-marionette" "-foreground" "-no-remote" "-profile" "/var/folders/3l/t520rxtx7r1f7fvc3bbcfny80000gn/T/rust_mozprofileT5jCzS"
1571202317377	addons.webextension.screenshots@mozilla.org	WARN	Loading extension 'screenshots@mozilla.org': Reading manifest: Invalid extension permission: mozillaAddons
1571202317378	addons.webextension.screenshots@mozilla.org	WARN	Loading extension 'screenshots@mozilla.org': Reading manifest: Invalid extension permission: telemetry
1571202317378	addons.webextension.screenshots@mozilla.org	WARN	Loading extension 'screenshots@mozilla.org': Reading manifest: Invalid extension permission: resource://pdf.js/
1571202317378	addons.webextension.screenshots@mozilla.org	WARN	Loading extension 'screenshots@mozilla.org': Reading manifest: Invalid extension permission: about:reader*
1571202320301	Marionette	INFO	Listening on port 60850
1571202320321	Marionette	WARN	TLS certificate errors will be ignored for this session
JavaScript error: https://pecom.ru/services-are/order-status/?code= line 1897 > scriptElement, line 6: ReferenceError: yaCounter78386 is not defined
1571202384800	Marionette	INFO	Stopped listening on port 60850
console.error: (new Error("Connection closed before committing the transaction.", "resource://gre/modules/Sqlite.jsm", 683))
1571202387752	Marionette	INFO	Stopped listening on port 60688
console.error: (new Error("Connection closed before committing the transaction.", "resource://gre/modules/Sqlite.jsm", 683))
1571202390765	Marionette	INFO	Stopped listening on port 60547
1571202395248	mozrunner::runner	INFO	Running command: "/Applications/Firefox.app/Contents/MacOS/firefox-bin" "-marionette" "-foreground" "-no-remote" "-profile" "/var/folders/3l/t520rxtx7r1f7fvc3bbcfny80000gn/T/rust_mozprofile04f7it"
1571202396428	addons.webextension.screenshots@mozilla.org	WARN	Loading extension 'screenshots@mozilla.org': Reading manifest: Invalid extension permission: mozillaAddons
1571202396429	addons.webextension.screenshots@mozilla.org	WARN	Loading extension 'screenshots@mozilla.org': Reading manifest: Invalid extension permission: telemetry
1571202396429	addons.webextension.screenshots@mozilla.org	WARN	Loading extension 'screenshots@mozilla.org': Reading manifest: Invalid extension permission: resource://pdf.js/
1571202396429	addons.webextension.screenshots@mozilla.org	WARN	Loading extension 'screenshots@mozilla.org': Reading manifest: Invalid extension permission: about:reader*
1571202399156	Marionette	INFO	Listening on port 61029
1571202399184	Marionette	WARN	TLS certificate errors will be ignored for this session
1571202409966	Marionette	INFO	Stopped listening on port 61029
1571202415024	mozrunner::runner	INFO	Running command: "/Applications/Firefox.app/Contents/MacOS/firefox-bin" "-marionette" "-foreground" "-no-remote" "-profile" "/var/folders/3l/t520rxtx7r1f7fvc3bbcfny80000gn/T/rust_mozprofileeXh9dL"
1571202415851	addons.webextension.screenshots@mozilla.org	WARN	Loading extension 'screenshots@mozilla.org': Reading manifest: Invalid extension permission: mozillaAddons
1571202415852	addons.webextension.screenshots@mozilla.org	WARN	Loading extension 'screenshots@mozilla.org': Reading manifest: Invalid extension permission: telemetry
1571202415852	addons.webextension.screenshots@mozilla.org	WARN	Loading extension 'screenshots@mozilla.org': Reading manifest: Invalid extension permission: resource://pdf.js/
1571202415852	addons.webextension.screenshots@mozilla.org	WARN	Loading extension 'screenshots@mozilla.org': Reading manifest: Invalid extension permission: about:reader*
1571202418544	Marionette	INFO	Listening on port 61165
1571202418632	Marionette	WARN	TLS certificate errors will be ignored for this session
JavaScript error: https://pecom.ru/services-are/order-status/?code= line 1897 > scriptElement, line 6: ReferenceError: yaCounter78386 is not defined
1571202442082	Marionette	INFO	Stopped listening on port 61165
[Parent 2045, Gecko_IOThread] WARNING: pipe error: Broken pipe: file /builds/worker/workspace/build/src/ipc/chromium/src/chrome/common/ipc_channel_posix.cc, line 728
[Parent 2045, Gecko_IOThread] WARNING: FileDescriptorSet destroyed with unconsumed descriptors: file /builds/worker/workspace/build/src/ipc/chromium/src/chrome/common/file_descriptor_set_posix.cc, line 23
[Parent 2045, Gecko_IOThread] WARNING: FileDescriptorSet destroyed with unconsumed descriptors: file /builds/worker/workspace/build/src/ipc/chromium/src/chrome/common/file_descriptor_set_posix.cc, line 23
[Parent 2045, Gecko_IOThread] WARNING: FileDescriptorSet destroyed with unconsumed descriptors: file /builds/worker/workspace/build/src/ipc/chromium/src/chrome/common/file_descriptor_set_posix.cc, line 23
[Parent 2045, Gecko_IOThread] WARNING: FileDescriptorSet destroyed with unconsumed descriptors: file /builds/worker/workspace/build/src/ipc/chromium/src/chrome/common/file_descriptor_set_posix.cc, line 23
A content process crashed and MOZ_CRASHREPORTER_SHUTDOWN is set, shutting down
1571202450765	Marionette	INFO	Stopped listening on port 60167
1571202493748	mozrunner::runner	INFO	Running command: "/Applications/Firefox.app/Contents/MacOS/firefox-bin" "-marionette" "-foreground" "-no-remote" "-profile" "/var/folders/3l/t520rxtx7r1f7fvc3bbcfny80000gn/T/rust_mozprofilek6Mo35"
1571202494579	addons.webextension.screenshots@mozilla.org	WARN	Loading extension 'screenshots@mozilla.org': Reading manifest: Invalid extension permission: mozillaAddons
1571202494579	addons.webextension.screenshots@mozilla.org	WARN	Loading extension 'screenshots@mozilla.org': Reading manifest: Invalid extension permission: telemetry
1571202494580	addons.webextension.screenshots@mozilla.org	WARN	Loading extension 'screenshots@mozilla.org': Reading manifest: Invalid extension permission: resource://pdf.js/
1571202494580	addons.webextension.screenshots@mozilla.org	WARN	Loading extension 'screenshots@mozilla.org': Reading manifest: Invalid extension permission: about:reader*
1571202497308	Marionette	INFO	Listening on port 61318
1571202497372	Marionette	WARN	TLS certificate errors will be ignored for this session
1571202504524	Marionette	INFO	Stopped listening on port 61318
1571202518026	mozrunner::runner	INFO	Running command: "/Applications/Firefox.app/Contents/MacOS/firefox-bin" "-marionette" "-foreground" "-no-remote" "-profile" "/var/folders/3l/t520rxtx7r1f7fvc3bbcfny80000gn/T/rust_mozprofileTorhpV"
1571202518847	addons.webextension.screenshots@mozilla.org	WARN	Loading extension 'screenshots@mozilla.org': Reading manifest: Invalid extension permission: mozillaAddons
1571202518847	addons.webextension.screenshots@mozilla.org	WARN	Loading extension 'screenshots@mozilla.org': Reading manifest: Invalid extension permission: telemetry
1571202518848	addons.webextension.screenshots@mozilla.org	WARN	Loading extension 'screenshots@mozilla.org': Reading manifest: Invalid extension permission: resource://pdf.js/
1571202518848	addons.webextension.screenshots@mozilla.org	WARN	Loading extension 'screenshots@mozilla.org': Reading manifest: Invalid extension permission: about:reader*
1571202521549	Marionette	INFO	Listening on port 61453
1571202521640	Marionette	WARN	TLS certificate errors will be ignored for this session
1571202526104	Marionette	INFO	Stopped listening on port 61453
1571202541578	mozrunner::runner	INFO	Running command: "/Applications/Firefox.app/Contents/MacOS/firefox-bin" "-marionette" "-foreground" "-no-remote" "-profile" "/var/folders/3l/t520rxtx7r1f7fvc3bbcfny80000gn/T/rust_mozprofileuUxplc"
1571202542409	addons.webextension.screenshots@mozilla.org	WARN	Loading extension 'screenshots@mozilla.org': Reading manifest: Invalid extension permission: mozillaAddons
1571202542409	addons.webextension.screenshots@mozilla.org	WARN	Loading extension 'screenshots@mozilla.org': Reading manifest: Invalid extension permission: telemetry
1571202542410	addons.webextension.screenshots@mozilla.org	WARN	Loading extension 'screenshots@mozilla.org': Reading manifest: Invalid extension permission: resource://pdf.js/
1571202542410	addons.webextension.screenshots@mozilla.org	WARN	Loading extension 'screenshots@mozilla.org': Reading manifest: Invalid extension permission: about:reader*
1571202545101	Marionette	INFO	Listening on port 61587
1571202545185	Marionette	WARN	TLS certificate errors will be ignored for this session
1571202552186	Marionette	INFO	Stopped listening on port 61587
1571202703950	mozrunner::runner	INFO	Running command: "/Applications/Firefox.app/Contents/MacOS/firefox-bin" "-marionette" "-foreground" "-no-remote" "-profile" "/var/folders/3l/t520rxtx7r1f7fvc3bbcfny80000gn/T/rust_mozprofileyLXiK0"
1571202704787	addons.webextension.screenshots@mozilla.org	WARN	Loading extension 'screenshots@mozilla.org': Reading manifest: Invalid extension permission: mozillaAddons
1571202704787	addons.webextension.screenshots@mozilla.org	WARN	Loading extension 'screenshots@mozilla.org': Reading manifest: Invalid extension permission: telemetry
1571202704787	addons.webextension.screenshots@mozilla.org	WARN	Loading extension 'screenshots@mozilla.org': Reading manifest: Invalid extension permission: resource://pdf.js/
1571202704787	addons.webextension.screenshots@mozilla.org	WARN	Loading extension 'screenshots@mozilla.org': Reading manifest: Invalid extension permission: about:reader*
1571202707451	Marionette	INFO	Listening on port 62201
1571202707489	Marionette	WARN	TLS certificate errors will be ignored for this session
1571202918752	mozrunner::runner	INFO	Running command: "/Applications/Firefox.app/Contents/MacOS/firefox-bin" "-marionette" "-foreground" "-no-remote" "-profile" "/var/folders/3l/t520rxtx7r1f7fvc3bbcfny80000gn/T/rust_mozprofilehVefGc"
1571202919578	addons.webextension.screenshots@mozilla.org	WARN	Loading extension 'screenshots@mozilla.org': Reading manifest: Invalid extension permission: mozillaAddons
1571202919578	addons.webextension.screenshots@mozilla.org	WARN	Loading extension 'screenshots@mozilla.org': Reading manifest: Invalid extension permission: telemetry
1571202919579	addons.webextension.screenshots@mozilla.org	WARN	Loading extension 'screenshots@mozilla.org': Reading manifest: Invalid extension permission: resource://pdf.js/
1571202919579	addons.webextension.screenshots@mozilla.org	WARN	Loading extension 'screenshots@mozilla.org': Reading manifest: Invalid extension permission: about:reader*
1571202922293	Marionette	INFO	Listening on port 62368
1571202922369	Marionette	WARN	TLS certificate errors will be ignored for this session
1571203005533	mozrunner::runner	INFO	Running command: "/Applications/Firefox.app/Contents/MacOS/firefox-bin" "-marionette" "-foreground" "-no-remote" "-profile" "/var/folders/3l/t520rxtx7r1f7fvc3bbcfny80000gn/T/rust_mozprofileZgWGbU"
1571203006605	addons.webextension.screenshots@mozilla.org	WARN	Loading extension 'screenshots@mozilla.org': Reading manifest: Invalid extension permission: mozillaAddons
1571203006605	addons.webextension.screenshots@mozilla.org	WARN	Loading extension 'screenshots@mozilla.org': Reading manifest: Invalid extension permission: telemetry
1571203006606	addons.webextension.screenshots@mozilla.org	WARN	Loading extension 'screenshots@mozilla.org': Reading manifest: Invalid extension permission: resource://pdf.js/
1571203006606	addons.webextension.screenshots@mozilla.org	WARN	Loading extension 'screenshots@mozilla.org': Reading manifest: Invalid extension permission: about:reader*
1571203009373	Marionette	INFO	Listening on port 62528
1571203009398	Marionette	WARN	TLS certificate errors will be ignored for this session
1571203014624	Marionette	INFO	Stopped listening on port 62528
1571365236729	Marionette	INFO	Stopped listening on port 62368
1571365246281	Marionette	INFO	Stopped listening on port 62201
